<?xml version="1.0" encoding="utf-8" standalone="no"?>
<!--This file represents the results of running a test suite-->
<test-results name="C:\work\broloco\Lucid\Database.Tests\bin\Debug\Lucid.Database.Tests.dll" total="1" errors="0" failures="1" not-run="0" inconclusive="0" ignored="0" skipped="0" invalid="0" date="2015-04-12" time="10:35:52">
  <environment nunit-version="2.6.4.14350" clr-version="2.0.50727.5485" os-version="Microsoft Windows NT 6.1.7601 Service Pack 1" platform="Win32NT" cwd="C:\work\broloco\Lucid\Database.Tests" machine-name="TELLUSLTD" user="Richard" user-domain="TellusLTD" />
  <culture-info current-culture="en-GB" current-uiculture="en-US" />
  <test-suite type="Assembly" name="C:\work\broloco\Lucid\Database.Tests\bin\Debug\Lucid.Database.Tests.dll" executed="True" result="Failure" success="False" time="0.064" asserts="0">
    <results>
      <test-suite type="Namespace" name="Lucid" executed="True" result="Failure" success="False" time="0.047" asserts="0">
        <results>
          <test-suite type="Namespace" name="Database" executed="True" result="Failure" success="False" time="0.047" asserts="0">
            <results>
              <test-suite type="Namespace" name="Tests" executed="True" result="Failure" success="False" time="0.047" asserts="0">
                <results>
                  <test-suite type="Namespace" name="Migrations" executed="True" result="Failure" success="False" time="0.047" asserts="0">
                    <results>
                      <test-suite type="TestFixture" name="TestMigrations" executed="True" result="Failure" success="False" time="0.044" asserts="0">
                        <results>
                          <test-case name="Lucid.Database.Tests.Migrations.TestMigrations.Migrations_CanUpgradeTablesContaingData" executed="True" result="Failure" success="False" time="0.032" asserts="1">
                            <failure>
                              <message><![CDATA[  Expected: True
  But was:  False
]]></message>
                              <stack-trace><![CDATA[at Lucid.Database.Tests.Migrations.TestMigrations.Migrations_CanUpgradeTablesContaingData() in c:\work\broloco\Lucid\Database.Tests\Migrations\TestMigrations.cs:line 11
]]></stack-trace>
                            </failure>
                          </test-case>
                        </results>
                      </test-suite>
                    </results>
                  </test-suite>
                </results>
              </test-suite>
            </results>
          </test-suite>
        </results>
      </test-suite>
    </results>
  </test-suite>
</test-results>